C51 COMPILER V9.60.7.0   MAIN                                                              12/05/2024 14:07:58 PAGE 1   


C51 COMPILER V9.60.7.0, COMPILATION OF MODULE MAIN
OBJECT MODULE PLACED IN .\Obj\main.obj
COMPILER INVOKED BY: C:\Program Files\Keil_v5\C51\BIN\C51.EXE User\main.c OPTIMIZE(8,SPEED) BROWSE INCDIR(.\App\24c02;.\
                    -App\iic;.\App\key;.\App\smg;.\Public;.\App\ds18b20;.\App\ds1302;.\App\ired;.\App\time;.\App\xpt2046) DEBUG OBJECTEXTEND 
                    -PRINT(.\Obj\main.lst) TABS(2) OBJECT(.\Obj\main.obj)

line level    source

   1          /**************************************************************************************
   2          深圳市普中科技有限公司（PRECHIN 普中）
   3          技术支持：www.prechin.net
   4          PRECHIN
   5           普中
   6          
   7          实验名称：ADC模数转换实验--光敏电阻AD采集
   8          接线说明：  
   9          实验现象：下载程序后，数码管上显示AD模块采集光敏电阻的AD值
  10          注意事项：                                          
  11          ***************************************************************************************/
  12          #include "public.h"
  13          #include "smg.h"
  14          #include "xpt2046.h"
  15          
  16          
  17          /*******************************************************************************
  18          * 函 数 名       : main
  19          * 函数功能     : 主函数
  20          * 输    入       : 无
  21          * 输    出       : 无
  22          *******************************************************************************/
  23          void main()
  24          { 
  25   1        u16 adc_value=0;
  26   1        u8 adc_buf[4];
  27   1      
  28   1        while(1)
  29   1        {       
  30   2          adc_value=xpt2046_read_adc_value(0xA4);//测量光敏电阻
  31   2          adc_buf[0]=gsmg_code[adc_value/1000];
  32   2          adc_buf[1]=gsmg_code[adc_value%1000/100];
  33   2          adc_buf[2]=gsmg_code[adc_value%1000%100/10];
  34   2          adc_buf[3]=gsmg_code[adc_value%1000%100%10];
  35   2          smg_display(adc_buf,5);   
  36   2        }   
  37   1      }


MODULE INFORMATION:   STATIC OVERLAYABLE
   CODE SIZE        =    125    ----
   CONSTANT SIZE    =   ----    ----
   XDATA SIZE       =   ----    ----
   PDATA SIZE       =   ----    ----
   DATA SIZE        =   ----       6
   IDATA SIZE       =   ----    ----
   BIT SIZE         =   ----    ----
END OF MODULE INFORMATION.


C51 COMPILATION COMPLETE.  0 WARNING(S),  0 ERROR(S)
