C51 COMPILER V9.60.7.0   MAIN                                                              11/30/2024 17:42:54 PAGE 1   


C51 COMPILER V9.60.7.0, COMPILATION OF MODULE MAIN
OBJECT MODULE PLACED IN .\Obj\main.obj
COMPILER INVOKED BY: C:\Program Files\Keil_v5\C51\BIN\C51.EXE User\main.c OPTIMIZE(8,SPEED) BROWSE INCDIR(.\App\24c02;.\
                    -App\iic;.\App\key;.\App\smg;.\Public;.\App\ds18b20;.\App\beep) DEBUG OBJECTEXTEND PRINT(.\Obj\main.lst) TABS(2) OBJECT(.
                    -\Obj\main.obj)

line level    source

   1          /**************************************************************************************
   2          深圳市普中科技有限公司（PRECHIN 普中）
   3          技术支持：www.prechin.net
   4          PRECHIN
   5           普中
   6           
   7          实验名称：串口控制LED和蜂鸣器
   8          接线说明：  
   9          实验现象：下载程序后，由串口助手以HEX格式发送如下命令控制LED和蜂鸣器
  10                D1指示灯亮发送：11 0D 0A
  11                D1指示灯灭发送：10 0D 0A
  12                蜂鸣器响发送：  21 0D 0A
  13                蜂鸣器停发送：  20 0D 0A
  14          注意事项：  串口助手要以HEX格式发送，并且波特率为9600                                       
  15          ***************************************************************************************/
  16          #include "public.h"
  17          #include "beep.h"
  18          #include "uart.h"
  19          
  20          //控制管脚定义
  21          sbit LED1=P2^0;
  22          
  23          //宏定义
  24          #define LED1_ON_CMD   0X11
  25          #define LED1_OFF_CMD  0X10
  26          
  27          #define BEEP_ON_CMD   0X21
  28          #define BEEP_OFF_CMD  0X20
  29          
  30          /*******************************************************************************
  31          * 函 数 名       : main
  32          * 函数功能     : 主函数
  33          * 输    入       : 无
  34          * 输    出       : 无
  35          *******************************************************************************/
  36          void main()
  37          { 
  38   1        u8 beep_flag=0;
  39   1        
  40   1        UART_Init();
  41   1      
  42   1        while(1)
  43   1        {
  44   2          if(UART_RX_STA&0x8000)//判断串口是否接收完数据
  45   2          {
  46   3            UART_RX_STA=0;//清除标记，等待下次接收
  47   3            switch(UART_RX_BUF[0])//判断第一个数据
  48   3            {
  49   4              case LED1_ON_CMD: LED1=0;break;
  50   4                case LED1_OFF_CMD: LED1=1;break;
  51   4              case BEEP_ON_CMD: beep_flag=1;break;
  52   4              case BEEP_OFF_CMD: beep_flag=0;break;
  53   4            } 
C51 COMPILER V9.60.7.0   MAIN                                                              11/30/2024 17:42:54 PAGE 2   

  54   3          }
  55   2          if(beep_flag)
  56   2            beep_alarm(100,10);     
  57   2        }
  58   1      }


MODULE INFORMATION:   STATIC OVERLAYABLE
   CODE SIZE        =     66    ----
   CONSTANT SIZE    =   ----    ----
   XDATA SIZE       =   ----    ----
   PDATA SIZE       =   ----    ----
   DATA SIZE        =   ----       1
   IDATA SIZE       =   ----    ----
   BIT SIZE         =   ----    ----
END OF MODULE INFORMATION.


C51 COMPILATION COMPLETE.  0 WARNING(S),  0 ERROR(S)
