C51 COMPILER V9.52.0.0   MAIN                                                              09/25/2020 17:22:26 PAGE 1   


C51 COMPILER V9.52.0.0, COMPILATION OF MODULE MAIN
OBJECT MODULE PLACED IN main.OBJ
COMPILER INVOKED BY: D:\keil4\C51\BIN\C51.EXE main.c BROWSE DEBUG OBJECTEXTEND TABS(2)

line level    source

   1          #include <reg52.h>
   2          #include "timer2.h"
   3          
   4          #include "stepper_motor_5L4P.h"
   5          
   6          
   7          void Delay(unsigned int i){
   8   1       while(--i);
   9   1      }
  10          
  11          
  12          
  13          main(){
  14   1       while(1){
  15   2          stepper_init(ROT1_SEC2008*2, POSITIVE );
  16   2          Delay(50000);
  17   2          Delay(50000);
  18   2          Delay(50000);
  19   2          Delay(50000);
  20   2          Delay(50000);
  21   2      
  22   2          stepper_init(ROT1_SEC2008*2, INVERTION );
  23   2          Delay(50000);
  24   2          Delay(50000);
  25   2          Delay(50000);
  26   2          Delay(50000);
  27   2          Delay(50000);
  28   2       }
  29   1      }


MODULE INFORMATION:   STATIC OVERLAYABLE
   CODE SIZE        =     64    ----
   CONSTANT SIZE    =   ----    ----
   XDATA SIZE       =   ----    ----
   PDATA SIZE       =   ----    ----
   DATA SIZE        =      9    ----
   IDATA SIZE       =   ----    ----
   BIT SIZE         =   ----    ----
END OF MODULE INFORMATION.


C51 COMPILATION COMPLETE.  0 WARNING(S),  0 ERROR(S)
