C51 COMPILER V9.52.0.0   STEPPER_MOTOR_5L4P                                                09/25/2020 17:22:27 PAGE 1   


C51 COMPILER V9.52.0.0, COMPILATION OF MODULE STEPPER_MOTOR_5L4P
OBJECT MODULE PLACED IN stepper_motor_5L4P.OBJ
COMPILER INVOKED BY: D:\keil4\C51\BIN\C51.EXE stepper_motor_5L4P.c BROWSE DEBUG OBJECTEXTEND TABS(2)

line level    source

   1          
   2          #include "stepper_motor_5L4P.h"
   3          
   4          unsigned char code F_Rotation[4]={0xf1,0xf2,0xf4,0xf8};  
   5          unsigned char code B_Rotation[4]={0xf8,0xf4,0xf2,0xf1};  
   6          
   7          
   8          bit flag_pos_inv = 0;
   9          
  10          int stepper_c  = 0;
  11          
  12          void stepper_run(){
  13   1           STEPPER_PIN |= 0X0F;
  14   1           if(flag_pos_inv == 0) STEPPER_PIN &= F_Rotation[stepper_c++];  
  15   1           else if(flag_pos_inv == 1) STEPPER_PIN &= B_Rotation[stepper_c++];  
  16   1           if(stepper_c >= 4) stepper_c = 0;
  17   1      }
  18          
  19          
  20          void stepper_init(unsigned char rot_per_sec, bit flag_pos_inv_tmp ){
  21   1        if(rot_per_sec < 2){ rot_per_sec = 2;}
  22   1        else if(rot_per_sec > 10){ rot_per_sec = 10;}
  23   1        flag_pos_inv = flag_pos_inv_tmp;
  24   1        
  25   1        timer2_start(rot_per_sec, stepper_run);
  26   1        
  27   1      }


MODULE INFORMATION:   STATIC OVERLAYABLE
   CODE SIZE        =    104    ----
   CONSTANT SIZE    =      8    ----
   XDATA SIZE       =   ----    ----
   PDATA SIZE       =   ----    ----
   DATA SIZE        =     11    ----
   IDATA SIZE       =   ----    ----
   BIT SIZE         =      1       1
END OF MODULE INFORMATION.


C51 COMPILATION COMPLETE.  0 WARNING(S),  0 ERROR(S)
