C51 COMPILER V9.52.0.0   TIMER2                                                            09/25/2020 17:22:27 PAGE 1   


C51 COMPILER V9.52.0.0, COMPILATION OF MODULE TIMER2
OBJECT MODULE PLACED IN timer2.OBJ
COMPILER INVOKED BY: D:\keil4\C51\BIN\C51.EXE timer2.c BROWSE DEBUG OBJECTEXTEND TABS(2)

line level    source

   1          #include "timer2.h"
   2          
   3          unsigned int timer2_interrupt_counter_V = 0;
   4          
   5          void timer2_IR() interrupt 5{
   6   1          static unsigned int timer2_interrupt_counter = 0; 
   7   1          TF2 = 0;
   8   1          timer2_interrupt_counter++;
   9   1          if( timer2_interrupt_counter >= timer2_interrupt_counter_V ) {  
  10   2              timer2_interrupt_counter = 0;
  11   2              TIMER_CallBackTable[2]();
  12   2          }
  13   1      }
  14          
  15          void timer2_start(int ms, TIMER_CallBackType AppCBFun){
  16   1        timer2_interrupt_counter_V = ms;
  17   1        TIMER_CallBackTable[2] = AppCBFun;
  18   1        
  19   1        T2MOD = 0;     
  20   1        T2CON = 0;     
  21   1      
  22   1        RCAP2L = 0x66;     
  23   1        RCAP2H = 0xFC;     
  24   1      
  25   1        EA = 1;
  26   1        ET2 = 1;
  27   1        TR2 = 1; 
  28   1        PT2 = 1;
  29   1        TF2 = 0;
  30   1      }
  31          


MODULE INFORMATION:   STATIC OVERLAYABLE
   CODE SIZE        =    120    ----
   CONSTANT SIZE    =   ----    ----
   XDATA SIZE       =   ----    ----
   PDATA SIZE       =   ----    ----
   DATA SIZE        =     13    ----
   IDATA SIZE       =   ----    ----
   BIT SIZE         =   ----    ----
END OF MODULE INFORMATION.


C51 COMPILATION COMPLETE.  0 WARNING(S),  0 ERROR(S)
