C51 COMPILER V9.60.7.0   MAIN                                                              12/02/2024 19:37:30 PAGE 1   


C51 COMPILER V9.60.7.0, COMPILATION OF MODULE MAIN
OBJECT MODULE PLACED IN .\Obj\main.obj
COMPILER INVOKED BY: C:\Program Files\Keil_v5\C51\BIN\C51.EXE User\main.c OPTIMIZE(8,SPEED) BROWSE INCDIR(.\App\24c02;.\
                    -App\iic;.\App\key;.\App\smg;.\Public;.\App\ds18b20;.\App\ds1302;.\App\ired;.\App\time;.\App\xpt2046;.\App\pwm;.\App\lcd1
                    -602) DEBUG OBJECTEXTEND PRINT(.\Obj\main.lst) TABS(2) OBJECT(.\Obj\main.obj)

line level    source

   1          /**************************************************************************************
   2          深圳市普中科技有限公司（PRECHIN 普中）
   3          技术支持：www.prechin.net
   4          PRECHIN
   5           普中
   6          
   7          实验名称：LCD1602液晶显示实验
   8          接线说明：  
   9          实验现象：下载程序后，LCD1602上显示字符信息
  10          注意事项：                                          
  11          ***************************************************************************************/
  12          #include "public.h"
  13          #include "lcd1602.h"
  14          
  15          
  16          /*******************************************************************************
  17          * 函 数 名       : main
  18          * 函数功能     : 主函数
  19          * 输    入       : 无
  20          * 输    出       : 无
  21          *******************************************************************************/
  22          void main()
  23          { 
  24   1        lcd1602_init();//LCD1602初始化
  25   1        
  26   1        while(1)
  27   1        {
  28   2          key=key_matrix_flip_scan();
*** ERROR C202 IN LINE 28 OF User\main.c: 'key': undefined identifier
  29   2          switch(key)
*** ERROR C202 IN LINE 29 OF User\main.c: 'key': undefined identifier
  30   2          {
  31   3            case(1):{
  32   4              lcd1602_show_string(0,0,"Temperature:");//?????
  33   4              lcd1602_show_string(0,1,temp_buf);//?????
*** ERROR C202 IN LINE 33 OF User\main.c: 'temp_buf': undefined identifier
  34   4              break;  
  35   4            }
  36   3            case(2):{
  37   4              lcd1602_show_string(0,0,"Soil Moisture:");//?????
  38   4              lcd1602_show_string(0,1,humi_buf);//?????
*** ERROR C202 IN LINE 38 OF User\main.c: 'humi_buf': undefined identifier
  39   4              break;  
  40   4            }
  41   3            case(3):{
  42   4              lcd1602_show_string(0,0,"Water Level:");//?????
  43   4              lcd1602_show_string(0,1,"N/A");//?????
  44   4              break;  
  45   4            }
  46   3            case(4):{
  47   4              lcd1602_show_string(0,0,"Air Moisture:");//?????
  48   4              lcd1602_show_string(0,1,"N/A");//?????
  49   4              break;  
C51 COMPILER V9.60.7.0   MAIN                                                              12/02/2024 19:37:30 PAGE 2   

  50   4            }
  51   3            case(5):{
  52   4              lcd1602_show_string(0,0,"Light Intensity:");//?????
  53   4              lcd1602_show_string(0,1,"N/A");//?????
  54   4              break;  
  55   4            }
  56   3            case(6):{
  57   4              lcd1602_show_string(0,0,"Shield Rising");
  58   4              step_motor_control(1);
  59   4              lcd1602_show_string(0,0,"Shield Rised");
  60   4              break;  
  61   4            }
  62   3            case(7):{
  63   4              lcd1602_show_string(0,0,"Shield Falling");
  64   4              step_motor_control(0);
  65   4              lcd1602_show_string(0,0,"Shield Falled");
  66   4              break;  
  67   4            }
  68   3            case(8):{
  69   4              lcd1602_show_string(0,0,"Pump Working");
  70   4              pump_control(5000);
  71   4              lcd1602_show_string(0,0,"Pump Worked 5s");
  72   4              break;  
  73   4            }
  74   3            case(9):{
  75   4              lcd1602_show_string(0,0,"Spray Work Begin");
  76   4              spray_control(1);
  77   4              break;  
  78   4            }
  79   3            case(10):{
  80   4              lcd1602_show_string(0,0,"Spray Work Stop");
  81   4              spray_control(0);
  82   4              break;  
  83   4            }
  84   3            case(11):{
  85   4              lcd1602_show_string(0,0,"LED Work Begin");
  86   4              light_control(1);
  87   4              break;  
  88   4            }
  89   3            case(12):{
  90   4              lcd1602_show_string(0,0,"LED Work Stop");
  91   4              light_control(0);
  92   4              break;  
  93   4            }
  94   3            case(13):{
  95   4              break;  
  96   4            }
  97   3            case(14):{
  98   4              break;  
  99   4            }
 100   3            case(15):{
 101   4              break;  
 102   4            }
 103   3            case(16):{
 104   4              break;  
 105   4            }
 106   3            default:{
 107   4              break;
 108   4            }
 109   3          }
 110   2        } 
 111   1      }
C51 COMPILER V9.60.7.0   MAIN                                                              12/02/2024 19:37:30 PAGE 3   


C51 COMPILATION COMPLETE.  0 WARNING(S),  4 ERROR(S)
