C51 COMPILER V9.60.7.0   MAIN                                                              12/03/2024 00:23:31 PAGE 1   


C51 COMPILER V9.60.7.0, COMPILATION OF MODULE MAIN
OBJECT MODULE PLACED IN main.OBJ
COMPILER INVOKED BY: C:\Program Files\Keil_v5\C51\BIN\C51.EXE main.c OPTIMIZE(8,SPEED) BROWSE DEBUG OBJECTEXTEND TABS(2)

line level    source

   1          /**************************************************************************************
   2          深圳市普中科技有限公司（PRECHIN 普中）
   3          技术支持：www.prechin.net
   4          PRECHIN
   5           普中
   6          
   7          实验名称：步进电机实验
   8          接线说明：  
   9          实验现象：下载程序后，当按下KEY1键可调节电机旋转方向；当按下KEY2键，电机加速；
  10                当按下KEY3键，电机减速
  11          注意事项：将步进电机红色线对接到“步进电机模块”输出端子J47的5V上，其它相序依次接入。                                        
             - 
  12          ***************************************************************************************/
  13          #include "reg52.h"
  14          
  15          typedef unsigned int u16; //对系统默认数据类型进行重定义
  16          typedef unsigned char u8;
  17          
  18          //定义ULN2003控制步进电机管脚
  19          sbit IN1_A=P1^0;
  20          sbit IN2_B=P1^1;
  21          sbit IN3_C=P1^2;
  22          sbit IN4_D=P1^3;
  23          
  24          //定义独立按键控制脚
  25          sbit KEY1=P3^1;
  26          sbit KEY2=P3^0;
  27          sbit KEY3=P3^2;
  28          sbit KEY4=P3^3;
  29          
  30          //使用宏定义独立按键按下的键值
  31          #define KEY1_PRESS  1
  32          #define KEY2_PRESS  2
  33          #define KEY3_PRESS  3
  34          #define KEY4_PRESS  4
  35          #define KEY_UNPRESS 0
  36          
  37          // 定义步进电机速度，值越小，速度越快
  38          // 最小不能小于1
  39          #define STEPMOTOR_MAXSPEED        1  
  40          #define STEPMOTOR_MINSPEED        5   
  41          
  42          
  43          /*******************************************************************************
  44          * 函 数 名       : delay_10us
  45          * 函数功能     : 延时函数，ten_us=1时，大约延时10us
  46          * 输    入       : ten_us
  47          * 输    出       : 无
  48          *******************************************************************************/
  49          void delay_10us(u16 ten_us)
  50          {
  51   1        while(ten_us--);  
  52   1      }
  53          
  54          /*******************************************************************************
C51 COMPILER V9.60.7.0   MAIN                                                              12/03/2024 00:23:31 PAGE 2   

  55          * 函 数 名       : delay_ms
  56          * 函数功能     : ms延时函数，ms=1时，大约延时1ms
  57          * 输    入       : ten_us
  58          * 输    出       : 无
  59          *******************************************************************************/
  60          void delay_ms(u16 ms)
  61          {
  62   1        u16 i,j;
  63   1        for(i=ms;i>0;i--)
  64   1          for(j=110;j>0;j--);
  65   1      }
  66          
  67          /*******************************************************************************
  68          * 函 数 名       : step_motor_28BYJ48_send_pulse
  69          * 函数功能     : 输出一个数据给ULN2003从而实现向步进电机发送一个脉冲
  70          * 输    入       : step：指定步进序号，可选值0~7
  71                     dir：方向选择,1：顺时针,0：逆时针
  72          * 输    出       : 无
  73          *******************************************************************************/
  74          void step_motor_28BYJ48_send_pulse(u8 step,u8 dir)
  75          {
  76   1        u8 temp=step;
  77   1        
  78   1        if(dir==0)  //如果为逆时针旋转
  79   1          temp=7-step;//调换节拍信号
  80   1        switch(temp)//8个节拍控制：A->AB->B->BC->C->CD->D->DA
  81   1        {
  82   2          case 0: IN1_A=1;IN2_B=0;IN3_C=0;IN4_D=0;break;
  83   2          case 1: IN1_A=1;IN2_B=1;IN3_C=0;IN4_D=0;break;
  84   2          case 2: IN1_A=0;IN2_B=1;IN3_C=0;IN4_D=0;break;
  85   2          case 3: IN1_A=0;IN2_B=1;IN3_C=1;IN4_D=0;break;
  86   2          case 4: IN1_A=0;IN2_B=0;IN3_C=1;IN4_D=0;break;
  87   2          case 5: IN1_A=0;IN2_B=0;IN3_C=1;IN4_D=1;break;
  88   2          case 6: IN1_A=0;IN2_B=0;IN3_C=0;IN4_D=1;break;
  89   2          case 7: IN1_A=1;IN2_B=0;IN3_C=0;IN4_D=1;break;
  90   2          default: IN1_A=0;IN2_B=0;IN3_C=0;IN4_D=0;break;//停止相序 
  91   2        }     
  92   1      }
  93          
  94          /*******************************************************************************
  95          * 函 数 名       : key_scan
  96          * 函数功能     : 检测独立按键是否按下，按下则返回对应键值
  97          * 输    入       : mode=0：单次扫描按键
  98                     mode=1：连续扫描按键
  99          * 输    出       : KEY1_PRESS：K1按下
 100                     KEY2_PRESS：K2按下
 101                     KEY3_PRESS：K3按下
 102                     KEY4_PRESS：K4按下
 103                     KEY_UNPRESS：未有按键按下
 104          *******************************************************************************/
 105          u8 key_scan(u8 mode)
 106          {
 107   1        static u8 key=1;
 108   1      
 109   1        if(mode)key=1;//连续扫描按键
 110   1        if(key==1&&(KEY1==0||KEY2==0||KEY3==0||KEY4==0))//任意按键按下
 111   1        {
 112   2          delay_10us(1000);//消抖
 113   2          key=0;
 114   2          if(KEY1==0)
 115   2            return KEY1_PRESS;
 116   2          else if(KEY2==0)
C51 COMPILER V9.60.7.0   MAIN                                                              12/03/2024 00:23:31 PAGE 3   

 117   2            return KEY2_PRESS;
 118   2          else if(KEY3==0)
 119   2            return KEY3_PRESS;
 120   2          else if(KEY4==0)
 121   2            return KEY4_PRESS;  
 122   2        }
 123   1        else if(KEY1==1&&KEY2==1&&KEY3==1&&KEY4==1) //无按键按下
 124   1        {
 125   2          key=1;      
 126   2        }
 127   1        return KEY_UNPRESS;   
 128   1      }
 129          
 130          /*******************************************************************************
 131          * 函 数 名       : main
 132          * 函数功能     : 主函数
 133          * 输    入       : 无
 134          * 输    出       : 无
 135          *******************************************************************************/
 136          void main()
 137          { 
 138   1        u8 key=0;
 139   1        u8 dir=0;//默认逆时针方向
 140   1        u8 speed=STEPMOTOR_MAXSPEED;//默认最大速度旋转
 141   1        u8 step=0;
 142   1      
 143   1        while(1)
 144   1        {     
 145   2          key=key_scan(0);
 146   2          if(key==KEY1_PRESS)//换向
 147   2          {
 148   3            dir=!dir;    
 149   3          }
 150   2          else if(key==KEY2_PRESS)//加速
 151   2          {
 152   3            if(speed>STEPMOTOR_MAXSPEED)
 153   3              speed-=1;     
 154   3          }
 155   2          else if(key==KEY3_PRESS)//减速
 156   2          {
 157   3            if(speed<STEPMOTOR_MINSPEED)
 158   3              speed+=1;     
 159   3          }
 160   2          step_motor_28BYJ48_send_pulse(step++,dir);
 161   2          if(step==8)step=0;    
 162   2          delay_ms(speed);            
 163   2        }   
 164   1      }


MODULE INFORMATION:   STATIC OVERLAYABLE
   CODE SIZE        =    299    ----
   CONSTANT SIZE    =   ----    ----
   XDATA SIZE       =   ----    ----
   PDATA SIZE       =   ----    ----
   DATA SIZE        =      1       1
   IDATA SIZE       =   ----    ----
   BIT SIZE         =   ----    ----
END OF MODULE INFORMATION.


C51 COMPILATION COMPLETE.  0 WARNING(S),  0 ERROR(S)
