C51 COMPILER V9.52.0.0   MAIN                                                              07/03/2020 15:37:52 PAGE 1   


C51 COMPILER V9.52.0.0, COMPILATION OF MODULE MAIN
OBJECT MODULE PLACED IN main.OBJ
COMPILER INVOKED BY: D:\keil4\a1\C51\BIN\C51.EXE main.c BROWSE DEBUG OBJECTEXTEND TABS(2)

line level    source

   1          /*
   2          *************************************************************************
   3          *硬件平台: STC89C52RC
   4          *开发平台：keil 4.7
   5          *版权    ：沁和智能科技
   6          *作者：    张文超
   7          *备注：    未经允许，用于商业用途，必究责任
   8          *************************************************************************
   9          */
  10          
  11          #include <reg52.h>
  12          
  13          sbit LEDR = P1^0;
  14          
  15          
  16          
  17          //小延时函数
  18          void delay(unsigned int i){
  19   1        while(i--);
  20   1      }
  21          
  22          //主函数
  23          void main(){
  24   1        while(1){
  25   2          LEDR = 0;  
  26   2          delay(50000); delay(50000); delay(50000); delay(50000);
  27   2          LEDR = 1;  
  28   2          delay(50000); delay(50000); delay(50000); delay(50000);
  29   2        }  
  30   1      }
  31          
  32          


MODULE INFORMATION:   STATIC OVERLAYABLE
   CODE SIZE        =     48    ----
   CONSTANT SIZE    =   ----    ----
   XDATA SIZE       =   ----    ----
   PDATA SIZE       =   ----    ----
   DATA SIZE        =   ----    ----
   IDATA SIZE       =   ----    ----
   BIT SIZE         =   ----    ----
END OF MODULE INFORMATION.


C51 COMPILATION COMPLETE.  0 WARNING(S),  0 ERROR(S)
