C51 COMPILER V9.52.0.0   MAIN                                                              07/03/2020 12:39:02 PAGE 1   


C51 COMPILER V9.52.0.0, COMPILATION OF MODULE MAIN
OBJECT MODULE PLACED IN main.OBJ
COMPILER INVOKED BY: D:\keil4\a1\C51\BIN\C51.EXE main.c BROWSE DEBUG OBJECTEXTEND TABS(2)

line level    source

   1          /*
   2          *************************************************************************
   3          *硬件平台: STC89C52RC
   4          *开发平台：keil 4.7
   5          *版权    ：沁和智能科技
   6          *开始时间：2019.7.11
   7          *结束时间：2019.7.11
   8          *作者：    张文超
   9          *备注：     --- 未经允许，用于商业用途，必究责任
  10          *************************************************************************
  11          */
  12          
  13          
  14          #include <reg52.h>
  15          #include "LCD12864.h"
  16          #include "timer2.h"
  17          #include "DHT11.h"
  18          
  19          
  20          sbit RUN_LED = P3^5;
  21          
  22          
  23          
  24          void delay(unsigned int i){   //延时函数
  25   1        while(i--);
  26   1      }
  27          
  28          void timer2Deal(){
  29   1        static unsigned int i = 0;
  30   1        unsigned char lcd1602_data[3] = {0};
  31   1      
  32   1        if(i++ > 50000) i = 0;
  33   1        if(i % 25 == 0){
  34   2          RUN_LED = ~RUN_LED;
  35   2          
  36   2          readData();
  37   2      
  38   2          if(temperature_H >= 100) temperature_H = 99;
  39   2          lcd1602_data[0] = temperature_H/10 + 48;
  40   2          lcd1602_data[1] = temperature_H%10 + 48;
  41   2          lcd1602_data[2] = '\0';
  42   2          PutStr(2, 3, lcd1602_data );
  43   2          
  44   2          if(humidity_H >= 100) humidity_H = 99;
  45   2          lcd1602_data[0] = humidity_H/10 + 48;
  46   2          lcd1602_data[1] = humidity_H%10 + 48;
  47   2          lcd1602_data[2] = '\0';
  48   2          PutStr(3, 3, lcd1602_data );
  49   2          
  50   2        } 
  51   1      }
  52          
  53          void main(void){
  54   1        
  55   1        LcmInit();
C51 COMPILER V9.52.0.0   MAIN                                                              07/03/2020 12:39:02 PAGE 2   

  56   1        
  57   1        LcmClearTXT();     //LCD12864清屏   
  58   1        
  59   1        PutStr(2,0, "温度：");
  60   1        PutStr(3,0, "湿度：");
  61   1        
  62   1      
  63   1        delay(100);
  64   1        
  65   1        timer2_start(20, timer2Deal);
  66   1      
  67   1        while(1){
  68   2      
  69   2      
  70   2        }
  71   1      }
  72          
  73          
  74          


MODULE INFORMATION:   STATIC OVERLAYABLE
   CODE SIZE        =    409    ----
   CONSTANT SIZE    =     17    ----
   XDATA SIZE       =   ----    ----
   PDATA SIZE       =   ----    ----
   DATA SIZE        =     16       6
   IDATA SIZE       =   ----    ----
   BIT SIZE         =   ----    ----
END OF MODULE INFORMATION.


C51 COMPILATION COMPLETE.  0 WARNING(S),  0 ERROR(S)
