C51 COMPILER V9.52.0.0   SMG_COMMON_ANODE                                                  09/05/2019 11:29:19 PAGE 1   


C51 COMPILER V9.52.0.0, COMPILATION OF MODULE SMG_COMMON_ANODE
OBJECT MODULE PLACED IN smg_common_anode.OBJ
COMPILER INVOKED BY: D:\keil4\a1\C51\BIN\C51.EXE smg_common_anode.c BROWSE DEBUG OBJECTEXTEND TABS(2)

line level    source

   1          /*
   2          *************************************************************************
   3          *硬件平台: STC89C52RC
   4          *开发平台：keil 4.7
   5          *版权    ：沁和智能科技
   6          *开始时间：2019.7.11
   7          *结束时间：2019.7.11
   8          *作者：    张文超
   9          *备注：    数码管库函数 --- 未经允许，用于商业用途，必究责任
  10          *************************************************************************
  11          */
  12          
  13          #include "smg_common_anode.h"
  14          
  15          #define SMG_WEI_XUAN(i)   switch(i){ \
  16                                    case 0: smg_we1 = 0;  smg_we2 = 1; smg_we3 = 1;  smg_we4 = 1; break; \
  17                                    case 1: smg_we1 = 1;  smg_we2 = 0; smg_we3 = 1;  smg_we4 = 1; break;  \
  18                                    case 2: smg_we1 = 1;  smg_we2 = 1; smg_we3 = 0;  smg_we4 = 1; break; \
  19                                    case 3: smg_we1 = 1;  smg_we2 = 1; smg_we3 = 1;  smg_we4 = 0; break; \
  20                                  } 
  21          
  22          unsigned char dis_smg_tmp[4] = {0xc0,0xf9,0xa4,0xb0}; 
  23          int pre_change_num = 0;
  24          unsigned char flag_num_change = 0;
  25          
  26          void set_change(){
  27   1        int i = 0;
  28   1        if(flag_num_change == 1){
  29   2            for(i=0; i < smg_num; i++){
  30   3              dis_smg[i] = dis_smg_tmp[i];
  31   3            }
  32   2        }
  33   1      }
  34          
  35          /***********************数码显示函数*****************************/
  36          void display()
  37          {
  38   1        static unsigned char current_selection = 0;   
  39   1        current_selection++;
  40   1        if(current_selection >= smg_num) {
  41   2           current_selection = 0; 
  42   2            set_change();
  43   2        }
  44   1        
  45   1        SMG_WEI_XUAN(current_selection);           //位选
  46   1        P_DATA_SMG = dis_smg[current_selection];   //段选      
  47   1      }
  48          
  49          void smg_common_A_init(){
  50   1          timer2_start(5, display);
  51   1      }
  52          
  53          //num -- 要显示的数值，整型
  54          //dotnum -- 小数点显示位置（不要时填写10）
  55          void set_smg_change(int num, int dotNum){
C51 COMPILER V9.52.0.0   SMG_COMMON_ANODE                                                  09/05/2019 11:29:19 PAGE 2   

  56   1        if(pre_change_num != num){
  57   2          pre_change_num = num;
  58   2          flag_num_change = 1;
  59   2          if(num > 9999){
  60   3            dis_smg_tmp[0] = smg_du[9];
  61   3            dis_smg_tmp[1] = smg_du[9];
  62   3            dis_smg_tmp[2] = smg_du[9];
  63   3            dis_smg_tmp[3] = smg_du[9];
  64   3          }else{
  65   3            dis_smg_tmp[0] = smg_du[num/1000];
  66   3            dis_smg_tmp[1] = smg_du[(num/100)%10];
  67   3            dis_smg_tmp[2] = smg_du[(num/10)%10];
  68   3            dis_smg_tmp[3] = smg_du[num%10];
  69   3            if( dotNum >= 0 && dotNum < smg_num ){
  70   4               dis_smg_tmp[dotNum] &= smg_du[17];
  71   4            }
  72   3          }
  73   2        }
  74   1      }


MODULE INFORMATION:   STATIC OVERLAYABLE
   CODE SIZE        =    343    ----
   CONSTANT SIZE    =     19    ----
   XDATA SIZE       =   ----    ----
   PDATA SIZE       =   ----    ----
   DATA SIZE        =     21       2
   IDATA SIZE       =   ----    ----
   BIT SIZE         =   ----    ----
END OF MODULE INFORMATION.


C51 COMPILATION COMPLETE.  0 WARNING(S),  0 ERROR(S)
